[2026-04-07 22:57:05,816] [INFO] [real_accelerator.py:222:get_accelerator] Setting ds_accelerator to cuda (auto detect)
`low_cpu_mem_usage` was None, now default to True since model is quantized.
Warning: The cache directory for DeepSpeed Triton autotune, /u/amehta4/.triton/autotune, appears to be on an NFS system. While this is generally acceptable, if you experience slowdowns or hanging when DeepSpeed exits, it is recommended to set the TRITON_CACHE_DIR environment variable to a non-NFS path.
Loading checkpoint shards:   0%|          | 0/6 [00:00<?, ?it/s]Loading checkpoint shards:  17%|█▋        | 1/6 [00:05<00:29,  5.96s/it]Loading checkpoint shards:  33%|███▎      | 2/6 [00:10<00:19,  4.93s/it]Loading checkpoint shards:  50%|█████     | 3/6 [00:14<00:14,  4.80s/it]Loading checkpoint shards:  67%|██████▋   | 4/6 [00:18<00:08,  4.44s/it]Loading checkpoint shards:  83%|████████▎ | 5/6 [00:23<00:04,  4.45s/it]Loading checkpoint shards: 100%|██████████| 6/6 [00:25<00:00,  3.61s/it]Loading checkpoint shards: 100%|██████████| 6/6 [00:25<00:00,  4.19s/it]
No label_names provided for model class `PeftModelForCausalLM`. Since `PeftModel` hides base models input arguments, if label_names is not given, label_names can't be set automatically within `Trainer`. Note that empty label_names list will be used instead.
/work/nvme/bdgk/anant/d1/diffu-grpo/slurm_scripts/../diffu_grpo_train.py:115: UserWarning: save_steps (100) is not divisible by num_iterations (12). If resuming training from a checkpoint, you might need to manually specify the checkpoint where the training step is divisible by 12.
  warnings.warn(
wandb: Currently logged in as: anant_mehta (tamu-mvfm). Use `wandb login --relogin` to force relogin
wandb: wandb version 0.25.1 is available!  To upgrade, please run:
wandb:  $ pip install wandb --upgrade
wandb: Tracking run with wandb version 0.15.3
wandb: Run data is saved locally in /work/nvme/bdgk/anant/d1/diffu-grpo/slurm_scripts/wandb/run-20260407_225740-2f8z3ffp
wandb: Run `wandb offline` to turn off syncing.
wandb: Syncing run math_base_bs12
wandb: ⭐️ View project at https://wandb.ai/tamu-mvfm/huggingface
wandb: 🚀 View run at https://wandb.ai/tamu-mvfm/huggingface/runs/2f8z3ffp
  0%|          | 0/450000 [00:00<?, ?it/s]/work/nvme/bdgk/anant/d1/diffu-grpo/diffu_grpo_trainer.py:164: FutureWarning: `torch.cuda.amp.autocast(args...)` is deprecated. Please use `torch.amp.autocast('cuda', args...)` instead.
  with torch.cuda.amp.autocast(enabled=True):
/work/nvme/bdgk/anant/d1/diffu-grpo/diffu_grpo_trainer.py:190: FutureWarning: `torch.cuda.amp.autocast(args...)` is deprecated. Please use `torch.amp.autocast('cuda', args...)` instead.
  with torch.cuda.amp.autocast(enabled=self.args.fp16):
-------------------- 
[91mQuestion:[0m

Respond in the following format:
<reasoning>
...
</reasoning>
<answer>
...
</answer>


You are a math expert. You will be given a question to solve. Solve it step by step. Wrap the final answer in a \boxed{}. 

Consecutive powers of 3 are added to form this sequence: $3^0,3^0+ 3^1, 3^0+ 3^1+ 3^2$, and so on. What is the simplified value of the fourth term of the sequence? -------------------- 
[92mGround Truth:[0m
40 -------------------- 
[94mResponse:[0m
<reasoning>
The sequence given is formed by adding consecutive powers of 3. The first term is \(3^0\), the second term is \(3^0 + 3^1\), the third term is \(3^0 + 3^1 + 3^2\), and so on. We need to find the fourth term, which is the sum of these terms: \(3^0 + 3^1 + 3^2 + 3^3\).

First, let's calculate each power of 3:
- \(3^0 = 1\)
- \(3^1 = 3\)
- \(3^2 = 9\)
- \(3^3 = 27\)

Now, we sum these values:
\(1 + 3 + 9 + 27\).

Adding these together gives:
\(1 + 3 = 4\)
\(4 + 9 = 13\)
\(13 + 27 = 40\)

So, the fourth term of the sequence is 40.

</reasoning>
<answer> \boxed{40} -------------------- 
[93mExtracted:[0m
40
✅
Traceback (most recent call last):
  File "/work/nvme/bdgk/anant/d1/diffu-grpo/slurm_scripts/../diffu_grpo_train.py", line 125, in <module>
    main(grpo_config=grpo_config, model_config=model_config)
  File "/work/nvme/bdgk/anant/d1/diffu-grpo/slurm_scripts/../diffu_grpo_train.py", line 119, in main
    trainer.train()
  File "/u/amehta4/miniconda3/envs/d1/lib/python3.10/site-packages/transformers/trainer.py", line 2241, in train
    return inner_training_loop(
  File "/u/amehta4/miniconda3/envs/d1/lib/python3.10/site-packages/transformers/trainer.py", line 2548, in _inner_training_loop
    tr_loss_step = self.training_step(model, inputs, num_items_in_batch)
  File "/u/amehta4/miniconda3/envs/d1/lib/python3.10/site-packages/transformers/trainer.py", line 3692, in training_step
    inputs = self._prepare_inputs(inputs)
  File "/work/nvme/bdgk/anant/d1/diffu-grpo/diffu_grpo_trainer.py", line 370, in _prepare_inputs
    inputs = self._generate_and_score_completions(inputs)
  File "/work/nvme/bdgk/anant/d1/diffu-grpo/diffu_grpo_trainer.py", line 422, in _generate_and_score_completions
    batch_prompt_completion_ids = self.generate(
  File "/work/nvme/bdgk/anant/d1/diffu-grpo/diffu_grpo_trainer.py", line 205, in generate
    logits_with_noise = self.add_gumbel_noise(
  File "/work/nvme/bdgk/anant/d1/diffu-grpo/diffu_grpo_trainer.py", line 149, in add_gumbel_noise
    return logits.exp() / gumbel_noise
torch.OutOfMemoryError: CUDA out of memory. Tried to allocate 572.00 MiB. GPU 0 has a total capacity of 39.49 GiB of which 512.31 MiB is free. Including non-PyTorch memory, this process has 38.98 GiB memory in use. Of the allocated memory 37.61 GiB is allocated by PyTorch, and 891.18 MiB is reserved by PyTorch but unallocated. If reserved but unallocated memory is large try setting PYTORCH_CUDA_ALLOC_CONF=expandable_segments:True to avoid fragmentation.  See documentation for Memory Management  (https://pytorch.org/docs/stable/notes/cuda.html#environment-variables)
wandb: Waiting for W&B process to finish... (failed 1). Press Control-C to abort syncing.
wandb: 
wandb: Run history:
wandb: profiling/Time taken: DiffuGRPOTrainer.boxed_and_answer_tags_format_reward ▁
wandb:                        profiling/Time taken: DiffuGRPOTrainer.compute_loss ▁
wandb:        profiling/Time taken: DiffuGRPOTrainer.correctness_reward_func_math ▁
wandb: 
wandb: Run summary:
wandb: profiling/Time taken: DiffuGRPOTrainer.boxed_and_answer_tags_format_reward 0.0001
wandb:                        profiling/Time taken: DiffuGRPOTrainer.compute_loss 0.27787
wandb:        profiling/Time taken: DiffuGRPOTrainer.correctness_reward_func_math 0.00086
wandb: 
wandb: 🚀 View run math_base_bs12 at: https://wandb.ai/tamu-mvfm/huggingface/runs/2f8z3ffp
wandb: Synced 6 W&B file(s), 0 media file(s), 2 artifact file(s) and 0 other file(s)
wandb: Find logs at: ./wandb/run-20260407_225740-2f8z3ffp/logs
Traceback (most recent call last):
  File "/u/amehta4/miniconda3/envs/d1/bin/accelerate", line 6, in <module>
    sys.exit(main())
  File "/u/amehta4/miniconda3/envs/d1/lib/python3.10/site-packages/accelerate/commands/accelerate_cli.py", line 48, in main
    args.func(args)
  File "/u/amehta4/miniconda3/envs/d1/lib/python3.10/site-packages/accelerate/commands/launch.py", line 1199, in launch_command
    simple_launcher(args)
  File "/u/amehta4/miniconda3/envs/d1/lib/python3.10/site-packages/accelerate/commands/launch.py", line 778, in simple_launcher
    raise subprocess.CalledProcessError(returncode=process.returncode, cmd=cmd)
subprocess.CalledProcessError: Command '['/u/amehta4/miniconda3/envs/d1/bin/python', '../diffu_grpo_train.py', '--config', './train.yaml', '--model_path', 'GSAI-ML/LLaDA-1.5', '--num_iterations', '12', '--dataset', 'math', '--run_name', 'math_base_bs12', '--output_dir', 'checkpoints/math_base_bs12']' returned non-zero exit status 1.
