/work/nvme/bdgk/anant/d1/policy_training/policy_guided_remasking.py:79: FutureWarning: You are using `torch.load` with `weights_only=False` (the current default value), which uses the default pickle module implicitly. It is possible to construct malicious pickle data which will execute arbitrary code during unpickling (See https://github.com/pytorch/pytorch/blob/main/SECURITY.md#untrusted-models for more details). In a future release, the default value for `weights_only` will be flipped to `True`. This limits the functions that could be executed during unpickling. Arbitrary objects will no longer be allowed to be loaded via this mode unless they are explicitly allowlisted by the user via `torch.serialization.add_safe_globals`. We recommend you start setting `weights_only=True` for any use case where you don't have full control of the loaded file. Please open an issue on GitHub for any issues related to this experimental feature.
  ckpt = torch.load(args.checkpoint, map_location=device)
Traceback (most recent call last):
  File "/work/nvme/bdgk/anant/d1/policy_training/policy_guided_remasking.py", line 107, in <module>
    main()
  File "/work/nvme/bdgk/anant/d1/policy_training/policy_guided_remasking.py", line 79, in main
    ckpt = torch.load(args.checkpoint, map_location=device)
  File "/u/amehta4/miniconda3/envs/d1/lib/python3.10/site-packages/torch/serialization.py", line 1319, in load
    with _open_file_like(f, "rb") as opened_file:
  File "/u/amehta4/miniconda3/envs/d1/lib/python3.10/site-packages/torch/serialization.py", line 659, in _open_file_like
    return _open_file(name_or_buffer, mode)
  File "/u/amehta4/miniconda3/envs/d1/lib/python3.10/site-packages/torch/serialization.py", line 640, in __init__
    super().__init__(open(name, mode))
FileNotFoundError: [Errno 2] No such file or directory: '/work/nvme/bdgk/anant/d1/policy_training/checkpoints/sudoku_policy_rs4_bs8/policy_best.pt'
Traceback (most recent call last):
  File "/u/amehta4/miniconda3/envs/d1/lib/python3.10/runpy.py", line 196, in _run_module_as_main
    return _run_code(code, main_globals, None,
  File "/u/amehta4/miniconda3/envs/d1/lib/python3.10/runpy.py", line 86, in _run_code
    exec(code, run_globals)
  File "/u/amehta4/miniconda3/envs/d1/lib/python3.10/site-packages/accelerate/commands/launch.py", line 1209, in <module>
    main()
  File "/u/amehta4/miniconda3/envs/d1/lib/python3.10/site-packages/accelerate/commands/launch.py", line 1205, in main
    launch_command(args)
  File "/u/amehta4/miniconda3/envs/d1/lib/python3.10/site-packages/accelerate/commands/launch.py", line 1199, in launch_command
    simple_launcher(args)
  File "/u/amehta4/miniconda3/envs/d1/lib/python3.10/site-packages/accelerate/commands/launch.py", line 778, in simple_launcher
    raise subprocess.CalledProcessError(returncode=process.returncode, cmd=cmd)
subprocess.CalledProcessError: Command '['/u/amehta4/miniconda3/envs/d1/bin/python', 'policy_guided_remasking.py', '--checkpoint', '/work/nvme/bdgk/anant/d1/policy_training/checkpoints/sudoku_policy_rs4_bs8/policy_best.pt', '--puzzle', '3102200002100320', '--reverse_steps', '4', '--device', 'cuda']' returned non-zero exit status 1.
